<?xml version="1.0" encoding="UTF-8"?>
<!-- Generated by org.testng.reporters.JUnitReportReporter -->
<testsuite hostname="DESKTOP-AM0Q8B9" name="com.leduka.TestNg" tests="6" failures="0" timestamp="17 Dec 2019 10:13:08 GMT" time="67.062" errors="3">
  <testcase name="facultyname" time="23.702" classname="com.leduka.TestNg">
    <error type="org.openqa.selenium.SessionNotCreatedException" message="session not created
from chrome not reachable
  (Session info: chrome=79.0.3945.79)
Build info: version: &#039;4.0.0-alpha-2&#039;, revision: &#039;f148142cf8&#039;, time: &#039;2019-07-01T20:55:26&#039;
System info: host: &#039;DESKTOP-AM0Q8B9&#039;, ip: &#039;192.168.1.3&#039;, os.name: &#039;Windows 10&#039;, os.arch: &#039;amd64&#039;, os.version: &#039;10.0&#039;, java.version: &#039;1.8.0_221&#039;
Driver info: driver.version: ChromeDriver
remote stacktrace: Backtrace:
	Ordinal0 [0x006EA113+1548563]
	Ordinal0 [0x0066DDA1+1039777]
	Ordinal0 [0x005EE32E+516910]
	Ordinal0 [0x005E8012+491538]
	Ordinal0 [0x005E86EB+493291]
	Ordinal0 [0x005E9855+497749]
	Ordinal0 [0x005E5885+481413]
	Ordinal0 [0x005EF0D0+520400]
	Ordinal0 [0x0059C030+180272]
	Ordinal0 [0x0059B59D+177565]
	Ordinal0 [0x005995FB+169467]
	Ordinal0 [0x0058160A+71178]
	Ordinal0 [0x00582690+75408]
	Ordinal0 [0x00582629+75305]
	Ordinal0 [0x006871B7+1143223]
	GetHandleVerifier [0x00782B46+507814]
	GetHandleVerifier [0x00782864+507076]
	GetHandleVerifier [0x00789F47+537511]
	GetHandleVerifier [0x00783402+510050]
	Ordinal0 [0x0067F29C+1110684]
	Ordinal0 [0x0068938B+1151883]
	Ordinal0 [0x006894F3+1152243]
	Ordinal0 [0x006883F5+1147893]
	BaseThreadInitThunk [0x75346359+25]
	RtlGetAppContainerNamedObjectPath [0x76FF7B74+228]
	RtlGetAppContainerNamedObjectPath [0x76FF7B44+180]
">
      <![CDATA[org.openqa.selenium.SessionNotCreatedException: session not created
from chrome not reachable
  (Session info: chrome=79.0.3945.79)
Build info: version: '4.0.0-alpha-2', revision: 'f148142cf8', time: '2019-07-01T20:55:26'
System info: host: 'DESKTOP-AM0Q8B9', ip: '192.168.1.3', os.name: 'Windows 10', os.arch: 'amd64', os.version: '10.0', java.version: '1.8.0_221'
Driver info: driver.version: ChromeDriver
remote stacktrace: Backtrace:
	Ordinal0 [0x006EA113+1548563]
	Ordinal0 [0x0066DDA1+1039777]
	Ordinal0 [0x005EE32E+516910]
	Ordinal0 [0x005E8012+491538]
	Ordinal0 [0x005E86EB+493291]
	Ordinal0 [0x005E9855+497749]
	Ordinal0 [0x005E5885+481413]
	Ordinal0 [0x005EF0D0+520400]
	Ordinal0 [0x0059C030+180272]
	Ordinal0 [0x0059B59D+177565]
	Ordinal0 [0x005995FB+169467]
	Ordinal0 [0x0058160A+71178]
	Ordinal0 [0x00582690+75408]
	Ordinal0 [0x00582629+75305]
	Ordinal0 [0x006871B7+1143223]
	GetHandleVerifier [0x00782B46+507814]
	GetHandleVerifier [0x00782864+507076]
	GetHandleVerifier [0x00789F47+537511]
	GetHandleVerifier [0x00783402+510050]
	Ordinal0 [0x0067F29C+1110684]
	Ordinal0 [0x0068938B+1151883]
	Ordinal0 [0x006894F3+1152243]
	Ordinal0 [0x006883F5+1147893]
	BaseThreadInitThunk [0x75346359+25]
	RtlGetAppContainerNamedObjectPath [0x76FF7B74+228]
	RtlGetAppContainerNamedObjectPath [0x76FF7B44+180]

	at sun.reflect.NativeConstructorAccessorImpl.newInstance0(Native Method)
	at sun.reflect.NativeConstructorAccessorImpl.newInstance(Unknown Source)
	at sun.reflect.DelegatingConstructorAccessorImpl.newInstance(Unknown Source)
	at java.lang.reflect.Constructor.newInstance(Unknown Source)
	at org.openqa.selenium.remote.W3CHandshakeResponse.lambda$errorHandler$0(W3CHandshakeResponse.java:62)
	at org.openqa.selenium.remote.HandshakeResponse.lambda$getResponseFunction$0(HandshakeResponse.java:30)
	at org.openqa.selenium.remote.ProtocolHandshake.lambda$createSession$1(ProtocolHandshake.java:127)
	at java.util.stream.ReferencePipeline$3$1.accept(Unknown Source)
	at java.util.Spliterators$ArraySpliterator.tryAdvance(Unknown Source)
	at java.util.stream.ReferencePipeline.forEachWithCancel(Unknown Source)
	at java.util.stream.AbstractPipeline.copyIntoWithCancel(Unknown Source)
	at java.util.stream.AbstractPipeline.copyInto(Unknown Source)
	at java.util.stream.AbstractPipeline.wrapAndCopyInto(Unknown Source)
	at java.util.stream.FindOps$FindOp.evaluateSequential(Unknown Source)
	at java.util.stream.AbstractPipeline.evaluate(Unknown Source)
	at java.util.stream.ReferencePipeline.findFirst(Unknown Source)
	at org.openqa.selenium.remote.ProtocolHandshake.createSession(ProtocolHandshake.java:129)
	at org.openqa.selenium.remote.ProtocolHandshake.createSession(ProtocolHandshake.java:75)
	at org.openqa.selenium.remote.HttpCommandExecutor.execute(HttpCommandExecutor.java:139)
	at org.openqa.selenium.remote.service.DriverCommandExecutor.execute(DriverCommandExecutor.java:83)
	at org.openqa.selenium.remote.RemoteWebDriver.execute(RemoteWebDriver.java:576)
	at org.openqa.selenium.remote.RemoteWebDriver.startSession(RemoteWebDriver.java:210)
	at org.openqa.selenium.remote.RemoteWebDriver.<init>(RemoteWebDriver.java:130)
	at org.openqa.selenium.chromium.ChromiumDriver.<init>(ChromiumDriver.java:73)
	at org.openqa.selenium.chrome.ChromeDriver.<init>(ChromeDriver.java:163)
	at org.openqa.selenium.chrome.ChromeDriver.<init>(ChromeDriver.java:150)
	at org.openqa.selenium.chrome.ChromeDriver.<init>(ChromeDriver.java:105)
	at com.leduka.TestNg.start(TestNg.java:24)
	at sun.reflect.NativeMethodAccessorImpl.invoke0(Native Method)
	at sun.reflect.NativeMethodAccessorImpl.invoke(Unknown Source)
	at sun.reflect.DelegatingMethodAccessorImpl.invoke(Unknown Source)
	at java.lang.reflect.Method.invoke(Unknown Source)
	at org.testng.internal.MethodInvocationHelper.invokeMethod(MethodInvocationHelper.java:85)
	at org.testng.internal.Invoker.invokeConfigurationMethod(Invoker.java:510)
	at org.testng.internal.Invoker.invokeConfigurations(Invoker.java:211)
	at org.testng.internal.Invoker.invokeMethod(Invoker.java:585)
	at org.testng.internal.Invoker.invokeTestMethod(Invoker.java:816)
	at org.testng.internal.Invoker.invokeTestMethods(Invoker.java:1124)
	at org.testng.internal.TestMethodWorker.invokeTestMethods(TestMethodWorker.java:125)
	at org.testng.internal.TestMethodWorker.run(TestMethodWorker.java:108)
	at org.testng.TestRunner.privateRun(TestRunner.java:774)
	at org.testng.TestRunner.run(TestRunner.java:624)
	at org.testng.SuiteRunner.runTest(SuiteRunner.java:359)
	at org.testng.SuiteRunner.runSequentially(SuiteRunner.java:354)
	at org.testng.SuiteRunner.privateRun(SuiteRunner.java:312)
	at org.testng.SuiteRunner.run(SuiteRunner.java:261)
	at org.testng.SuiteRunnerWorker.runSuite(SuiteRunnerWorker.java:52)
	at org.testng.SuiteRunnerWorker.run(SuiteRunnerWorker.java:86)
	at org.testng.TestNG.runSuitesSequentially(TestNG.java:1215)
	at org.testng.TestNG.runSuitesLocally(TestNG.java:1140)
	at org.testng.TestNG.run(TestNG.java:1048)
	at org.testng.remote.AbstractRemoteTestNG.run(AbstractRemoteTestNG.java:114)
	at org.testng.remote.RemoteTestNG.initAndRun(RemoteTestNG.java:251)
	at org.testng.remote.RemoteTestNG.main(RemoteTestNG.java:77)
]]>
    </error>
  </testcase> <!-- facultyname -->
  <testcase name="facultycse" time="21.699" classname="com.leduka.TestNg"/>
  <testcase name="facultyjob" time="18.154" classname="com.leduka.TestNg"/>
  <testcase name="facultyaddress" time="0.003" classname="com.leduka.TestNg">
    <error type="org.openqa.selenium.SessionNotCreatedException" message="session not created
from chrome not reachable
  (Session info: chrome=79.0.3945.79)
Build info: version: &#039;4.0.0-alpha-2&#039;, revision: &#039;f148142cf8&#039;, time: &#039;2019-07-01T20:55:26&#039;
System info: host: &#039;DESKTOP-AM0Q8B9&#039;, ip: &#039;192.168.1.3&#039;, os.name: &#039;Windows 10&#039;, os.arch: &#039;amd64&#039;, os.version: &#039;10.0&#039;, java.version: &#039;1.8.0_221&#039;
Driver info: driver.version: ChromeDriver
remote stacktrace: Backtrace:
	Ordinal0 [0x006EA113+1548563]
	Ordinal0 [0x0066DDA1+1039777]
	Ordinal0 [0x005EE32E+516910]
	Ordinal0 [0x005E8012+491538]
	Ordinal0 [0x005E86EB+493291]
	Ordinal0 [0x005E9855+497749]
	Ordinal0 [0x005E5885+481413]
	Ordinal0 [0x005EF0D0+520400]
	Ordinal0 [0x0059C030+180272]
	Ordinal0 [0x0059B59D+177565]
	Ordinal0 [0x005995FB+169467]
	Ordinal0 [0x0058160A+71178]
	Ordinal0 [0x00582690+75408]
	Ordinal0 [0x00582629+75305]
	Ordinal0 [0x006871B7+1143223]
	GetHandleVerifier [0x00782B46+507814]
	GetHandleVerifier [0x00782864+507076]
	GetHandleVerifier [0x00789F47+537511]
	GetHandleVerifier [0x00783402+510050]
	Ordinal0 [0x0067F29C+1110684]
	Ordinal0 [0x0068938B+1151883]
	Ordinal0 [0x006894F3+1152243]
	Ordinal0 [0x006883F5+1147893]
	BaseThreadInitThunk [0x75346359+25]
	RtlGetAppContainerNamedObjectPath [0x76FF7B74+228]
	RtlGetAppContainerNamedObjectPath [0x76FF7B44+180]
">
      <![CDATA[org.openqa.selenium.SessionNotCreatedException: session not created
from chrome not reachable
  (Session info: chrome=79.0.3945.79)
Build info: version: '4.0.0-alpha-2', revision: 'f148142cf8', time: '2019-07-01T20:55:26'
System info: host: 'DESKTOP-AM0Q8B9', ip: '192.168.1.3', os.name: 'Windows 10', os.arch: 'amd64', os.version: '10.0', java.version: '1.8.0_221'
Driver info: driver.version: ChromeDriver
remote stacktrace: Backtrace:
	Ordinal0 [0x006EA113+1548563]
	Ordinal0 [0x0066DDA1+1039777]
	Ordinal0 [0x005EE32E+516910]
	Ordinal0 [0x005E8012+491538]
	Ordinal0 [0x005E86EB+493291]
	Ordinal0 [0x005E9855+497749]
	Ordinal0 [0x005E5885+481413]
	Ordinal0 [0x005EF0D0+520400]
	Ordinal0 [0x0059C030+180272]
	Ordinal0 [0x0059B59D+177565]
	Ordinal0 [0x005995FB+169467]
	Ordinal0 [0x0058160A+71178]
	Ordinal0 [0x00582690+75408]
	Ordinal0 [0x00582629+75305]
	Ordinal0 [0x006871B7+1143223]
	GetHandleVerifier [0x00782B46+507814]
	GetHandleVerifier [0x00782864+507076]
	GetHandleVerifier [0x00789F47+537511]
	GetHandleVerifier [0x00783402+510050]
	Ordinal0 [0x0067F29C+1110684]
	Ordinal0 [0x0068938B+1151883]
	Ordinal0 [0x006894F3+1152243]
	Ordinal0 [0x006883F5+1147893]
	BaseThreadInitThunk [0x75346359+25]
	RtlGetAppContainerNamedObjectPath [0x76FF7B74+228]
	RtlGetAppContainerNamedObjectPath [0x76FF7B44+180]

	at sun.reflect.NativeConstructorAccessorImpl.newInstance0(Native Method)
	at sun.reflect.NativeConstructorAccessorImpl.newInstance(Unknown Source)
	at sun.reflect.DelegatingConstructorAccessorImpl.newInstance(Unknown Source)
	at java.lang.reflect.Constructor.newInstance(Unknown Source)
	at org.openqa.selenium.remote.W3CHandshakeResponse.lambda$errorHandler$0(W3CHandshakeResponse.java:62)
	at org.openqa.selenium.remote.HandshakeResponse.lambda$getResponseFunction$0(HandshakeResponse.java:30)
	at org.openqa.selenium.remote.ProtocolHandshake.lambda$createSession$1(ProtocolHandshake.java:127)
	at java.util.stream.ReferencePipeline$3$1.accept(Unknown Source)
	at java.util.Spliterators$ArraySpliterator.tryAdvance(Unknown Source)
	at java.util.stream.ReferencePipeline.forEachWithCancel(Unknown Source)
	at java.util.stream.AbstractPipeline.copyIntoWithCancel(Unknown Source)
	at java.util.stream.AbstractPipeline.copyInto(Unknown Source)
	at java.util.stream.AbstractPipeline.wrapAndCopyInto(Unknown Source)
	at java.util.stream.FindOps$FindOp.evaluateSequential(Unknown Source)
	at java.util.stream.AbstractPipeline.evaluate(Unknown Source)
	at java.util.stream.ReferencePipeline.findFirst(Unknown Source)
	at org.openqa.selenium.remote.ProtocolHandshake.createSession(ProtocolHandshake.java:129)
	at org.openqa.selenium.remote.ProtocolHandshake.createSession(ProtocolHandshake.java:75)
	at org.openqa.selenium.remote.HttpCommandExecutor.execute(HttpCommandExecutor.java:139)
	at org.openqa.selenium.remote.service.DriverCommandExecutor.execute(DriverCommandExecutor.java:83)
	at org.openqa.selenium.remote.RemoteWebDriver.execute(RemoteWebDriver.java:576)
	at org.openqa.selenium.remote.RemoteWebDriver.startSession(RemoteWebDriver.java:210)
	at org.openqa.selenium.remote.RemoteWebDriver.<init>(RemoteWebDriver.java:130)
	at org.openqa.selenium.chromium.ChromiumDriver.<init>(ChromiumDriver.java:73)
	at org.openqa.selenium.chrome.ChromeDriver.<init>(ChromeDriver.java:163)
	at org.openqa.selenium.chrome.ChromeDriver.<init>(ChromeDriver.java:150)
	at org.openqa.selenium.chrome.ChromeDriver.<init>(ChromeDriver.java:105)
	at com.leduka.TestNg.start(TestNg.java:24)
	at sun.reflect.NativeMethodAccessorImpl.invoke0(Native Method)
	at sun.reflect.NativeMethodAccessorImpl.invoke(Unknown Source)
	at sun.reflect.DelegatingMethodAccessorImpl.invoke(Unknown Source)
	at java.lang.reflect.Method.invoke(Unknown Source)
	at org.testng.internal.MethodInvocationHelper.invokeMethod(MethodInvocationHelper.java:85)
	at org.testng.internal.Invoker.invokeConfigurationMethod(Invoker.java:510)
	at org.testng.internal.Invoker.invokeConfigurations(Invoker.java:211)
	at org.testng.internal.Invoker.invokeMethod(Invoker.java:585)
	at org.testng.internal.Invoker.invokeTestMethod(Invoker.java:816)
	at org.testng.internal.Invoker.invokeTestMethods(Invoker.java:1124)
	at org.testng.internal.TestMethodWorker.invokeTestMethods(TestMethodWorker.java:125)
	at org.testng.internal.TestMethodWorker.run(TestMethodWorker.java:108)
	at org.testng.TestRunner.privateRun(TestRunner.java:774)
	at org.testng.TestRunner.run(TestRunner.java:624)
	at org.testng.SuiteRunner.runTest(SuiteRunner.java:359)
	at org.testng.SuiteRunner.runSequentially(SuiteRunner.java:354)
	at org.testng.SuiteRunner.privateRun(SuiteRunner.java:312)
	at org.testng.SuiteRunner.run(SuiteRunner.java:261)
	at org.testng.SuiteRunnerWorker.runSuite(SuiteRunnerWorker.java:52)
	at org.testng.SuiteRunnerWorker.run(SuiteRunnerWorker.java:86)
	at org.testng.TestNG.runSuitesSequentially(TestNG.java:1215)
	at org.testng.TestNG.runSuitesLocally(TestNG.java:1140)
	at org.testng.TestNG.run(TestNG.java:1048)
	at org.testng.remote.AbstractRemoteTestNG.run(AbstractRemoteTestNG.java:114)
	at org.testng.remote.RemoteTestNG.initAndRun(RemoteTestNG.java:251)
	at org.testng.remote.RemoteTestNG.main(RemoteTestNG.java:77)
]]>
    </error>
  </testcase> <!-- facultyaddress -->
  <testcase name="facultyradio" time="3.502" classname="com.leduka.TestNg"/>
  <testcase name="aafacultyname" time="0.002" classname="com.leduka.TestNg">
    <error type="org.openqa.selenium.SessionNotCreatedException" message="session not created
from chrome not reachable
  (Session info: chrome=79.0.3945.79)
Build info: version: &#039;4.0.0-alpha-2&#039;, revision: &#039;f148142cf8&#039;, time: &#039;2019-07-01T20:55:26&#039;
System info: host: &#039;DESKTOP-AM0Q8B9&#039;, ip: &#039;192.168.1.3&#039;, os.name: &#039;Windows 10&#039;, os.arch: &#039;amd64&#039;, os.version: &#039;10.0&#039;, java.version: &#039;1.8.0_221&#039;
Driver info: driver.version: ChromeDriver
remote stacktrace: Backtrace:
	Ordinal0 [0x006EA113+1548563]
	Ordinal0 [0x0066DDA1+1039777]
	Ordinal0 [0x005EE32E+516910]
	Ordinal0 [0x005E8012+491538]
	Ordinal0 [0x005E86EB+493291]
	Ordinal0 [0x005E9855+497749]
	Ordinal0 [0x005E5885+481413]
	Ordinal0 [0x005EF0D0+520400]
	Ordinal0 [0x0059C030+180272]
	Ordinal0 [0x0059B59D+177565]
	Ordinal0 [0x005995FB+169467]
	Ordinal0 [0x0058160A+71178]
	Ordinal0 [0x00582690+75408]
	Ordinal0 [0x00582629+75305]
	Ordinal0 [0x006871B7+1143223]
	GetHandleVerifier [0x00782B46+507814]
	GetHandleVerifier [0x00782864+507076]
	GetHandleVerifier [0x00789F47+537511]
	GetHandleVerifier [0x00783402+510050]
	Ordinal0 [0x0067F29C+1110684]
	Ordinal0 [0x0068938B+1151883]
	Ordinal0 [0x006894F3+1152243]
	Ordinal0 [0x006883F5+1147893]
	BaseThreadInitThunk [0x75346359+25]
	RtlGetAppContainerNamedObjectPath [0x76FF7B74+228]
	RtlGetAppContainerNamedObjectPath [0x76FF7B44+180]
">
      <![CDATA[org.openqa.selenium.SessionNotCreatedException: session not created
from chrome not reachable
  (Session info: chrome=79.0.3945.79)
Build info: version: '4.0.0-alpha-2', revision: 'f148142cf8', time: '2019-07-01T20:55:26'
System info: host: 'DESKTOP-AM0Q8B9', ip: '192.168.1.3', os.name: 'Windows 10', os.arch: 'amd64', os.version: '10.0', java.version: '1.8.0_221'
Driver info: driver.version: ChromeDriver
remote stacktrace: Backtrace:
	Ordinal0 [0x006EA113+1548563]
	Ordinal0 [0x0066DDA1+1039777]
	Ordinal0 [0x005EE32E+516910]
	Ordinal0 [0x005E8012+491538]
	Ordinal0 [0x005E86EB+493291]
	Ordinal0 [0x005E9855+497749]
	Ordinal0 [0x005E5885+481413]
	Ordinal0 [0x005EF0D0+520400]
	Ordinal0 [0x0059C030+180272]
	Ordinal0 [0x0059B59D+177565]
	Ordinal0 [0x005995FB+169467]
	Ordinal0 [0x0058160A+71178]
	Ordinal0 [0x00582690+75408]
	Ordinal0 [0x00582629+75305]
	Ordinal0 [0x006871B7+1143223]
	GetHandleVerifier [0x00782B46+507814]
	GetHandleVerifier [0x00782864+507076]
	GetHandleVerifier [0x00789F47+537511]
	GetHandleVerifier [0x00783402+510050]
	Ordinal0 [0x0067F29C+1110684]
	Ordinal0 [0x0068938B+1151883]
	Ordinal0 [0x006894F3+1152243]
	Ordinal0 [0x006883F5+1147893]
	BaseThreadInitThunk [0x75346359+25]
	RtlGetAppContainerNamedObjectPath [0x76FF7B74+228]
	RtlGetAppContainerNamedObjectPath [0x76FF7B44+180]

	at sun.reflect.NativeConstructorAccessorImpl.newInstance0(Native Method)
	at sun.reflect.NativeConstructorAccessorImpl.newInstance(Unknown Source)
	at sun.reflect.DelegatingConstructorAccessorImpl.newInstance(Unknown Source)
	at java.lang.reflect.Constructor.newInstance(Unknown Source)
	at org.openqa.selenium.remote.W3CHandshakeResponse.lambda$errorHandler$0(W3CHandshakeResponse.java:62)
	at org.openqa.selenium.remote.HandshakeResponse.lambda$getResponseFunction$0(HandshakeResponse.java:30)
	at org.openqa.selenium.remote.ProtocolHandshake.lambda$createSession$1(ProtocolHandshake.java:127)
	at java.util.stream.ReferencePipeline$3$1.accept(Unknown Source)
	at java.util.Spliterators$ArraySpliterator.tryAdvance(Unknown Source)
	at java.util.stream.ReferencePipeline.forEachWithCancel(Unknown Source)
	at java.util.stream.AbstractPipeline.copyIntoWithCancel(Unknown Source)
	at java.util.stream.AbstractPipeline.copyInto(Unknown Source)
	at java.util.stream.AbstractPipeline.wrapAndCopyInto(Unknown Source)
	at java.util.stream.FindOps$FindOp.evaluateSequential(Unknown Source)
	at java.util.stream.AbstractPipeline.evaluate(Unknown Source)
	at java.util.stream.ReferencePipeline.findFirst(Unknown Source)
	at org.openqa.selenium.remote.ProtocolHandshake.createSession(ProtocolHandshake.java:129)
	at org.openqa.selenium.remote.ProtocolHandshake.createSession(ProtocolHandshake.java:75)
	at org.openqa.selenium.remote.HttpCommandExecutor.execute(HttpCommandExecutor.java:139)
	at org.openqa.selenium.remote.service.DriverCommandExecutor.execute(DriverCommandExecutor.java:83)
	at org.openqa.selenium.remote.RemoteWebDriver.execute(RemoteWebDriver.java:576)
	at org.openqa.selenium.remote.RemoteWebDriver.startSession(RemoteWebDriver.java:210)
	at org.openqa.selenium.remote.RemoteWebDriver.<init>(RemoteWebDriver.java:130)
	at org.openqa.selenium.chromium.ChromiumDriver.<init>(ChromiumDriver.java:73)
	at org.openqa.selenium.chrome.ChromeDriver.<init>(ChromeDriver.java:163)
	at org.openqa.selenium.chrome.ChromeDriver.<init>(ChromeDriver.java:150)
	at org.openqa.selenium.chrome.ChromeDriver.<init>(ChromeDriver.java:105)
	at com.leduka.TestNg.start(TestNg.java:24)
	at sun.reflect.NativeMethodAccessorImpl.invoke0(Native Method)
	at sun.reflect.NativeMethodAccessorImpl.invoke(Unknown Source)
	at sun.reflect.DelegatingMethodAccessorImpl.invoke(Unknown Source)
	at java.lang.reflect.Method.invoke(Unknown Source)
	at org.testng.internal.MethodInvocationHelper.invokeMethod(MethodInvocationHelper.java:85)
	at org.testng.internal.Invoker.invokeConfigurationMethod(Invoker.java:510)
	at org.testng.internal.Invoker.invokeConfigurations(Invoker.java:211)
	at org.testng.internal.Invoker.invokeMethod(Invoker.java:585)
	at org.testng.internal.Invoker.invokeTestMethod(Invoker.java:816)
	at org.testng.internal.Invoker.invokeTestMethods(Invoker.java:1124)
	at org.testng.internal.TestMethodWorker.invokeTestMethods(TestMethodWorker.java:125)
	at org.testng.internal.TestMethodWorker.run(TestMethodWorker.java:108)
	at org.testng.TestRunner.privateRun(TestRunner.java:774)
	at org.testng.TestRunner.run(TestRunner.java:624)
	at org.testng.SuiteRunner.runTest(SuiteRunner.java:359)
	at org.testng.SuiteRunner.runSequentially(SuiteRunner.java:354)
	at org.testng.SuiteRunner.privateRun(SuiteRunner.java:312)
	at org.testng.SuiteRunner.run(SuiteRunner.java:261)
	at org.testng.SuiteRunnerWorker.runSuite(SuiteRunnerWorker.java:52)
	at org.testng.SuiteRunnerWorker.run(SuiteRunnerWorker.java:86)
	at org.testng.TestNG.runSuitesSequentially(TestNG.java:1215)
	at org.testng.TestNG.runSuitesLocally(TestNG.java:1140)
	at org.testng.TestNG.run(TestNG.java:1048)
	at org.testng.remote.AbstractRemoteTestNG.run(AbstractRemoteTestNG.java:114)
	at org.testng.remote.RemoteTestNG.initAndRun(RemoteTestNG.java:251)
	at org.testng.remote.RemoteTestNG.main(RemoteTestNG.java:77)
]]>
    </error>
  </testcase> <!-- aafacultyname -->
</testsuite> <!-- com.leduka.TestNg -->
