<?xml version="1.0" encoding="UTF-8"?>
<!-- Generated by org.testng.reporters.JUnitReportReporter -->
<testsuite skipped="1" hostname="DESKTOP-AM0Q8B9" name="ledukaFramework.ledu.StudentRegistration" tests="2" failures="0" timestamp="30 Dec 2019 12:25:57 GMT" time="16.546" errors="1">
  <testcase name="stdReg" time="0.048" classname="ledukaFramework.ledu.StudentRegistration">
    <skipped/>
  </testcase> <!-- stdReg -->
  <testcase name="launching" time="16.498" classname="ledukaFramework.ledu.StudentRegistration">
    <error type="org.openqa.selenium.SessionNotCreatedException" message="session not created
from disconnected: received Inspector.detached event
  (Session info: chrome=79.0.3945.88)
Build info: version: &#039;3.141.59&#039;, revision: &#039;e82be7d358&#039;, time: &#039;2018-11-14T08:17:03&#039;
System info: host: &#039;DESKTOP-AM0Q8B9&#039;, ip: &#039;192.168.1.4&#039;, os.name: &#039;Windows 10&#039;, os.arch: &#039;amd64&#039;, os.version: &#039;10.0&#039;, java.version: &#039;1.8.0_221&#039;
Driver info: driver.version: ChromeDriver
remote stacktrace: Backtrace:
	Ordinal0 [0x00BAA113+1548563]
	Ordinal0 [0x00B2DDA1+1039777]
	Ordinal0 [0x00AAE485+517253]
	Ordinal0 [0x00AA70CB+487627]
	Ordinal0 [0x00AA6CE9+486633]
	Ordinal0 [0x00AA65E8+484840]
	Ordinal0 [0x00AA5D33+482611]
	Ordinal0 [0x00AA5E75+482933]
	Ordinal0 [0x00AA59B5+481717]
	Ordinal0 [0x00AAD1E5+512485]
	Ordinal0 [0x00AA5968+481640]
	Ordinal0 [0x00AA628B+483979]
	Ordinal0 [0x00AA5D33+482611]
	Ordinal0 [0x00AA5E75+482933]
	Ordinal0 [0x00AA59B5+481717]
	Ordinal0 [0x00AABB0E+506638]
	Ordinal0 [0x00AA5968+481640]
	Ordinal0 [0x00AA628B+483979]
	Ordinal0 [0x00AA5D33+482611]
	Ordinal0 [0x00AA5E75+482933]
	Ordinal0 [0x00AA59B5+481717]
	Ordinal0 [0x00AAA37C+500604]
	Ordinal0 [0x00AA5968+481640]
	Ordinal0 [0x00AA628B+483979]
	Ordinal0 [0x00AA5D33+482611]
	Ordinal0 [0x00AA5E75+482933]
	Ordinal0 [0x00AA59B5+481717]
	Ordinal0 [0x00AA9A17+498199]
	Ordinal0 [0x00AA5968+481640]
	Ordinal0 [0x00AA628B+483979]
	Ordinal0 [0x00AA5D33+482611]
	Ordinal0 [0x00AA5E75+482933]
	Ordinal0 [0x00AA59B5+481717]
	Ordinal0 [0x00AA256C+468332]
	Ordinal0 [0x00AA5968+481640]
	Ordinal0 [0x00AA5844+481348]
	Ordinal0 [0x00AAF0D0+520400]
	Ordinal0 [0x00A5C030+180272]
	Ordinal0 [0x00A5B59D+177565]
	Ordinal0 [0x00A595FB+169467]
	Ordinal0 [0x00A4160A+71178]
	Ordinal0 [0x00A42690+75408]
	Ordinal0 [0x00A42629+75305]
	Ordinal0 [0x00B471B7+1143223]
	GetHandleVerifier [0x00C42B46+507814]
	GetHandleVerifier [0x00C42864+507076]
	GetHandleVerifier [0x00C49F47+537511]
	GetHandleVerifier [0x00C43402+510050]
	Ordinal0 [0x00B3F29C+1110684]
	Ordinal0 [0x00B4938B+1151883]
	Ordinal0 [0x00B494F3+1152243]
	Ordinal0 [0x00B483F5+1147893]
	BaseThreadInitThunk [0x77666359+25]
	RtlGetAppContainerNamedObjectPath [0x77E87B74+228]
	RtlGetAppContainerNamedObjectPath [0x77E87B44+180]
">
      <![CDATA[org.openqa.selenium.SessionNotCreatedException: session not created
from disconnected: received Inspector.detached event
  (Session info: chrome=79.0.3945.88)
Build info: version: '3.141.59', revision: 'e82be7d358', time: '2018-11-14T08:17:03'
System info: host: 'DESKTOP-AM0Q8B9', ip: '192.168.1.4', os.name: 'Windows 10', os.arch: 'amd64', os.version: '10.0', java.version: '1.8.0_221'
Driver info: driver.version: ChromeDriver
remote stacktrace: Backtrace:
	Ordinal0 [0x00BAA113+1548563]
	Ordinal0 [0x00B2DDA1+1039777]
	Ordinal0 [0x00AAE485+517253]
	Ordinal0 [0x00AA70CB+487627]
	Ordinal0 [0x00AA6CE9+486633]
	Ordinal0 [0x00AA65E8+484840]
	Ordinal0 [0x00AA5D33+482611]
	Ordinal0 [0x00AA5E75+482933]
	Ordinal0 [0x00AA59B5+481717]
	Ordinal0 [0x00AAD1E5+512485]
	Ordinal0 [0x00AA5968+481640]
	Ordinal0 [0x00AA628B+483979]
	Ordinal0 [0x00AA5D33+482611]
	Ordinal0 [0x00AA5E75+482933]
	Ordinal0 [0x00AA59B5+481717]
	Ordinal0 [0x00AABB0E+506638]
	Ordinal0 [0x00AA5968+481640]
	Ordinal0 [0x00AA628B+483979]
	Ordinal0 [0x00AA5D33+482611]
	Ordinal0 [0x00AA5E75+482933]
	Ordinal0 [0x00AA59B5+481717]
	Ordinal0 [0x00AAA37C+500604]
	Ordinal0 [0x00AA5968+481640]
	Ordinal0 [0x00AA628B+483979]
	Ordinal0 [0x00AA5D33+482611]
	Ordinal0 [0x00AA5E75+482933]
	Ordinal0 [0x00AA59B5+481717]
	Ordinal0 [0x00AA9A17+498199]
	Ordinal0 [0x00AA5968+481640]
	Ordinal0 [0x00AA628B+483979]
	Ordinal0 [0x00AA5D33+482611]
	Ordinal0 [0x00AA5E75+482933]
	Ordinal0 [0x00AA59B5+481717]
	Ordinal0 [0x00AA256C+468332]
	Ordinal0 [0x00AA5968+481640]
	Ordinal0 [0x00AA5844+481348]
	Ordinal0 [0x00AAF0D0+520400]
	Ordinal0 [0x00A5C030+180272]
	Ordinal0 [0x00A5B59D+177565]
	Ordinal0 [0x00A595FB+169467]
	Ordinal0 [0x00A4160A+71178]
	Ordinal0 [0x00A42690+75408]
	Ordinal0 [0x00A42629+75305]
	Ordinal0 [0x00B471B7+1143223]
	GetHandleVerifier [0x00C42B46+507814]
	GetHandleVerifier [0x00C42864+507076]
	GetHandleVerifier [0x00C49F47+537511]
	GetHandleVerifier [0x00C43402+510050]
	Ordinal0 [0x00B3F29C+1110684]
	Ordinal0 [0x00B4938B+1151883]
	Ordinal0 [0x00B494F3+1152243]
	Ordinal0 [0x00B483F5+1147893]
	BaseThreadInitThunk [0x77666359+25]
	RtlGetAppContainerNamedObjectPath [0x77E87B74+228]
	RtlGetAppContainerNamedObjectPath [0x77E87B44+180]

	at sun.reflect.NativeConstructorAccessorImpl.newInstance0(Native Method)
	at sun.reflect.NativeConstructorAccessorImpl.newInstance(Unknown Source)
	at sun.reflect.DelegatingConstructorAccessorImpl.newInstance(Unknown Source)
	at java.lang.reflect.Constructor.newInstance(Unknown Source)
	at org.openqa.selenium.remote.W3CHandshakeResponse.lambda$errorHandler$0(W3CHandshakeResponse.java:62)
	at org.openqa.selenium.remote.HandshakeResponse.lambda$getResponseFunction$0(HandshakeResponse.java:30)
	at org.openqa.selenium.remote.ProtocolHandshake.lambda$createSession$0(ProtocolHandshake.java:126)
	at java.util.stream.ReferencePipeline$3$1.accept(Unknown Source)
	at java.util.Spliterators$ArraySpliterator.tryAdvance(Unknown Source)
	at java.util.stream.ReferencePipeline.forEachWithCancel(Unknown Source)
	at java.util.stream.AbstractPipeline.copyIntoWithCancel(Unknown Source)
	at java.util.stream.AbstractPipeline.copyInto(Unknown Source)
	at java.util.stream.AbstractPipeline.wrapAndCopyInto(Unknown Source)
	at java.util.stream.FindOps$FindOp.evaluateSequential(Unknown Source)
	at java.util.stream.AbstractPipeline.evaluate(Unknown Source)
	at java.util.stream.ReferencePipeline.findFirst(Unknown Source)
	at org.openqa.selenium.remote.ProtocolHandshake.createSession(ProtocolHandshake.java:128)
	at org.openqa.selenium.remote.ProtocolHandshake.createSession(ProtocolHandshake.java:74)
	at org.openqa.selenium.remote.HttpCommandExecutor.execute(HttpCommandExecutor.java:136)
	at org.openqa.selenium.remote.service.DriverCommandExecutor.execute(DriverCommandExecutor.java:83)
	at org.openqa.selenium.remote.RemoteWebDriver.execute(RemoteWebDriver.java:552)
	at org.openqa.selenium.remote.RemoteWebDriver.startSession(RemoteWebDriver.java:213)
	at org.openqa.selenium.remote.RemoteWebDriver.<init>(RemoteWebDriver.java:131)
	at org.openqa.selenium.chrome.ChromeDriver.<init>(ChromeDriver.java:181)
	at org.openqa.selenium.chrome.ChromeDriver.<init>(ChromeDriver.java:168)
	at org.openqa.selenium.chrome.ChromeDriver.<init>(ChromeDriver.java:123)
	at ledukaFramework.ledu.TestBase.openbrowser(TestBase.java:45)
	at ledukaFramework.ledu.StudentRegistration.launching(StudentRegistration.java:19)
	at sun.reflect.NativeMethodAccessorImpl.invoke0(Native Method)
	at sun.reflect.NativeMethodAccessorImpl.invoke(Unknown Source)
	at sun.reflect.DelegatingMethodAccessorImpl.invoke(Unknown Source)
	at java.lang.reflect.Method.invoke(Unknown Source)
	at org.testng.internal.MethodInvocationHelper.invokeMethod(MethodInvocationHelper.java:108)
	at org.testng.internal.Invoker.invokeConfigurationMethod(Invoker.java:523)
	at org.testng.internal.Invoker.invokeConfigurations(Invoker.java:224)
	at org.testng.internal.Invoker.invokeMethod(Invoker.java:599)
	at org.testng.internal.Invoker.invokeTestMethod(Invoker.java:869)
	at org.testng.internal.Invoker.invokeTestMethods(Invoker.java:1193)
	at org.testng.internal.TestMethodWorker.invokeTestMethods(TestMethodWorker.java:126)
	at org.testng.internal.TestMethodWorker.run(TestMethodWorker.java:109)
	at org.testng.TestRunner.privateRun(TestRunner.java:744)
	at org.testng.TestRunner.run(TestRunner.java:602)
	at org.testng.SuiteRunner.runTest(SuiteRunner.java:380)
	at org.testng.SuiteRunner.runSequentially(SuiteRunner.java:375)
	at org.testng.SuiteRunner.privateRun(SuiteRunner.java:340)
	at org.testng.SuiteRunner.run(SuiteRunner.java:289)
	at org.testng.SuiteRunnerWorker.runSuite(SuiteRunnerWorker.java:52)
	at org.testng.SuiteRunnerWorker.run(SuiteRunnerWorker.java:86)
	at org.testng.TestNG.runSuitesSequentially(TestNG.java:1301)
	at org.testng.TestNG.runSuitesLocally(TestNG.java:1226)
	at org.testng.TestNG.runSuites(TestNG.java:1144)
	at org.testng.TestNG.run(TestNG.java:1115)
	at org.testng.remote.AbstractRemoteTestNG.run(AbstractRemoteTestNG.java:114)
	at org.testng.remote.RemoteTestNG.initAndRun(RemoteTestNG.java:251)
	at org.testng.remote.RemoteTestNG.main(RemoteTestNG.java:77)
]]>
    </error>
  </testcase> <!-- launching -->
</testsuite> <!-- ledukaFramework.ledu.StudentRegistration -->
